2024-07-16 04:08:59 [@DESKTOP-D982NS5]
Interno #1: Ejecutar contract
2024-07-16 04:15:07 [2@DESKTOP-D982NS5]
Interno #1: Ejecutar infocom
2024-07-16 04:16:29 [@DESKTOP-D982NS5]
Interno #1: Ejecutar mailgate
2024-07-16 04:21:37 [4@DESKTOP-D982NS5]
Internal #1: Launch session
2024-07-16 04:21:42 [@DESKTOP-D982NS5]
Interno #1: Ejecutar graph
2024-07-23 02:09:21 [@DESKTOP-D982NS5]
Interno #1: Ejecutar reservation
2024-07-23 02:42:21 [2@DESKTOP-D982NS5]
Interno #1: Ejecutar closeticket
2024-07-23 03:06:33 [2@DESKTOP-D982NS5]
Interno #1: Ejecutar alertnotclosed
2024-07-23 03:13:27 [2@DESKTOP-D982NS5]
Interno #1: Ejecutar slaticket
2024-07-23 03:13:39 [@DESKTOP-D982NS5]
Interno #1: Ejecutar createinquest
2024-07-23 03:13:50 [@DESKTOP-D982NS5]
Interno #1: Ejecutar watcher
2024-07-23 03:14:09 [@DESKTOP-D982NS5]
Interno #1: Ejecutar RecurrentItems
2024-07-23 03:19:15 [@DESKTOP-D982NS5]
Interno #1: Ejecutar planningrecall
2024-07-23 03:27:56 [7@DESKTOP-D982NS5]
Interno #1: Ejecutar queuednotification
2024-07-23 03:32:58 [7@DESKTOP-D982NS5]
Interno #1: Ejecutar queuednotificationclean
2024-07-23 03:37:01 [@DESKTOP-D982NS5]
Interno #1: Ejecutar temp
2024-07-23 03:38:57 [@DESKTOP-D982NS5]
Interno #1: Ejecutar mailgateerror
2024-07-23 03:42:35 [@DESKTOP-D982NS5]
Interno #1: Ejecutar certificate
2024-07-23 03:43:27 [@DESKTOP-D982NS5]
Interno #1: Ejecutar olaticket
2024-07-23 03:46:23 [@DESKTOP-D982NS5]
Interno #1: Ejecutar mailgate
2024-07-23 03:51:45 [2@DESKTOP-D982NS5]
Interno #1: Ejecutar graph
2024-07-23 03:52:09 [@DESKTOP-D982NS5]
Interno #1: Ejecutar contract
2024-07-23 03:53:26 [@DESKTOP-D982NS5]
Interno #1: Ejecutar infocom
2024-07-23 03:53:41 [@DESKTOP-D982NS5]
Interno #1: Ejecutar session
2024-07-23 03:55:12 [@DESKTOP-D982NS5]
Interno #1: Ejecutar reservation
2024-07-23 03:55:53 [@DESKTOP-D982NS5]
Interno #1: Ejecutar slaticket
2024-07-23 03:56:35 [@DESKTOP-D982NS5]
Interno #1: Ejecutar planningrecall
2024-07-23 03:57:14 [@DESKTOP-D982NS5]
Interno #1: Ejecutar queuednotification
2024-07-23 04:03:00 [11@DESKTOP-D982NS5]
Interno #1: Ejecutar olaticket
2024-07-23 04:08:03 [11@DESKTOP-D982NS5]
Interno #1: Ejecutar mailgate
2024-07-23 04:13:13 [11@DESKTOP-D982NS5]
Interno #1: Ejecutar queuednotification
2024-07-23 04:18:17 [11@DESKTOP-D982NS5]
Interno #1: Ejecutar slaticket
2024-07-23 04:23:29 [11@DESKTOP-D982NS5]
Interno #1: Ejecutar planningrecall
2024-07-23 04:29:52 [11@DESKTOP-D982NS5]
Interno #1: Ejecutar olaticket
2024-07-23 04:36:08 [11@DESKTOP-D982NS5]
Interno #1: Ejecutar RecurrentItems
2024-07-27 00:20:20 [@DESKTOP-D982NS5]
Interno #1: Ejecutar queuednotification
2024-07-27 01:20:31 [2@DESKTOP-D982NS5]
Interno #1: Ejecutar mailgate
2024-07-27 01:50:39 [2@DESKTOP-D982NS5]
Interno #1: Ejecutar slaticket
2024-07-27 01:52:42 [@DESKTOP-D982NS5]
Interno #1: Ejecutar planningrecall
2024-07-27 01:52:53 [@DESKTOP-D982NS5]
Interno #1: Ejecutar olaticket
2024-07-27 03:10:40 [15@DESKTOP-D982NS5]
Interno #1: Ejecutar temp
2024-07-27 03:13:48 [@DESKTOP-D982NS5]
Interno #1: Ejecutar graph
2024-07-27 03:18:38 [@DESKTOP-D982NS5]
Interno #1: Ejecutar reservation
2024-07-27 03:22:37 [2@DESKTOP-D982NS5]
Interno #1: Ejecutar RecurrentItems
2024-07-27 03:28:37 [2@DESKTOP-D982NS5]
Interno #1: Ejecutar closeticket
2024-07-27 03:30:48 [@DESKTOP-D982NS5]
Interno #1: Ejecutar alertnotclosed
2024-07-27 03:32:04 [@DESKTOP-D982NS5]
Interno #1: Ejecutar createinquest
2024-07-27 03:37:16 [@DESKTOP-D982NS5]
Interno #1: Ejecutar watcher
2024-07-27 03:38:17 [@DESKTOP-D982NS5]
Interno #1: Ejecutar queuednotificationclean
2024-07-27 03:40:38 [@DESKTOP-D982NS5]
Interno #1: Ejecutar mailgateerror
2024-07-27 03:41:28 [@DESKTOP-D982NS5]
Interno #1: Ejecutar certificate
2024-07-27 03:48:31 [15@DESKTOP-D982NS5]
Interno #1: Ejecutar contract
2024-07-27 03:49:56 [@DESKTOP-D982NS5]
Interno #1: Ejecutar infocom
2024-07-27 03:51:12 [@DESKTOP-D982NS5]
Interno #1: Ejecutar session
2024-07-27 03:55:39 [16@DESKTOP-D982NS5]
Interno #1: Ejecutar queuednotification
2024-07-27 03:57:08 [15@DESKTOP-D982NS5]
Interno #1: Ejecutar mailgate
2024-07-27 03:59:49 [@DESKTOP-D982NS5]
Interno #1: Ejecutar slaticket
2024-07-27 04:00:44 [16@DESKTOP-D982NS5]
Interno #1: Ejecutar planningrecall
2024-07-27 04:08:45 [@DESKTOP-D982NS5]
Interno #1: Ejecutar olaticket
2024-07-27 04:09:06 [@DESKTOP-D982NS5]
Interno #1: Ejecutar queuednotification
2024-07-27 04:16:21 [@DESKTOP-D982NS5]
Interno #1: Ejecutar slaticket
2024-07-27 04:21:25 [@DESKTOP-D982NS5]
Interno #1: Ejecutar planningrecall
2024-07-30 03:07:25 [@DESKTOP-D982NS5]
Interno #1: Ejecutar mailgate
2024-07-30 04:01:27 [15@DESKTOP-D982NS5]
Interno #1: Ejecutar queuednotification
2024-07-30 04:10:41 [15@DESKTOP-D982NS5]
Interno #1: Ejecutar temp
2024-07-31 19:44:12 [@DESKTOP-D982NS5]
Interno #1: Ejecutar graph
2024-07-31 19:50:05 [2@DESKTOP-D982NS5]
Interno #1: Ejecutar olaticket
2024-07-31 20:05:01 [2@DESKTOP-D982NS5]
Interno #1: Ejecutar reservation
2024-07-31 20:10:37 [2@DESKTOP-D982NS5]
Interno #1: Ejecutar slaticket
2024-07-31 20:19:08 [@DESKTOP-D982NS5]
Interno #1: Ejecutar RecurrentItems
2024-07-31 20:19:53 [@DESKTOP-D982NS5]
Interno #1: Ejecutar planningrecall
2024-07-31 20:20:24 [@DESKTOP-D982NS5]
Interno #1: Ejecutar closeticket
